105.06.21 15:15 B C:\_stuff\web\hch\0506backup\040328closing\a01.jpg <-- hch /040328closing a01.jpg
105.06.21 15:15 B C:\_stuff\web\hch\0506backup\040328closing\a02.jpg <-- hch /040328closing a02.jpg
105.06.21 15:15 B C:\_stuff\web\hch\0506backup\040328closing\angie01a.jpg <-- hch /040328closing angie01a.jpg
105.06.21 15:15 B C:\_stuff\web\hch\0506backup\040328closing\back.gif <-- hch /040328closing back.gif
105.06.21 15:15 B C:\_stuff\web\hch\0506backup\040328closing\barbara01.jpg <-- hch /040328closing barbara01.jpg
105.06.21 15:15 B C:\_stuff\web\hch\0506backup\040328closing\barbara02.jpg <-- hch /040328closing barbara02.jpg
105.06.21 15:15 B C:\_stuff\web\hch\0506backup\040328closing\barbara03.jpg <-- hch /040328closing barbara03.jpg
105.06.21 15:15 B C:\_stuff\web\hch\0506backup\040328closing\chris01.jpg <-- hch /040328closing chris01.jpg
105.06.21 15:15 B C:\_stuff\web\hch\0506backup\040328closing\chris02.jpg <-- hch /040328closing chris02.jpg
105.06.21 15:15 B C:\_stuff\web\hch\0506backup\040328closing\chris03.jpg <-- hch /040328closing chris03.jpg
105.06.21 15:15 B C:\_stuff\web\hch\0506backup\040328closing\chrissie01.jpg <-- hch /040328closing chrissie01.jpg
105.06.21 15:15 B C:\_stuff\web\hch\0506backup\040328closing\chrissie02.jpg <-- hch /040328closing chrissie02.jpg
105.06.21 15:15 B C:\_stuff\web\hch\0506backup\040328closing\chrissie03.jpg <-- hch /040328closing chrissie03.jpg
105.06.21 15:15 B C:\_stuff\web\hch\0506backup\040328closing\chrissie04.jpg <-- hch /040328closing chrissie04.jpg
105.06.21 15:15 B C:\_stuff\web\hch\0506backup\040328closing\chrissie05.jpg <-- hch /040328closing chrissie05.jpg
105.06.21 15:15 B C:\_stuff\web\hch\0506backup\040328closing\gab01.jpg <-- hch /040328closing gab01.jpg
105.06.21 15:16 B C:\_stuff\web\hch\0506backup\040328closing\gab02.jpg <-- hch /040328closing gab02.jpg
105.06.21 15:16 B C:\_stuff\web\hch\0506backup\040328closing\group01.jpg <-- hch /040328closing group01.jpg
105.06.21 15:16 B C:\_stuff\web\hch\0506backup\040328closing\group03.jpg <-- hch /040328closing group03.jpg
105.06.21 15:16 B C:\_stuff\web\hch\0506backup\040328closing\group04.jpg <-- hch /040328closing group04.jpg
105.06.21 15:16 B C:\_stuff\web\hch\0506backup\040328closing\guest01.jpg <-- hch /040328closing guest01.jpg
105.06.21 15:16 B C:\_stuff\web\hch\0506backup\040328closing\hounds01.jpg <-- hch /040328closing hounds01.jpg
105.06.21 15:16 B C:\_stuff\web\hch\0506backup\040328closing\hounds02.jpg <-- hch /040328closing hounds02.jpg
105.06.21 15:16 B C:\_stuff\web\hch\0506backup\040328closing\index.html <-- hch /040328closing index.html
105.06.21 15:16 B C:\_stuff\web\hch\0506backup\040328closing\j03.jpg <-- hch /040328closing j03.jpg
105.06.21 15:16 B C:\_stuff\web\hch\0506backup\040328closing\j08.jpg <-- hch /040328closing j08.jpg
105.06.21 15:16 B C:\_stuff\web\hch\0506backup\040328closing\judy01.jpg <-- hch /040328closing judy01.jpg
105.06.21 15:16 B C:\_stuff\web\hch\0506backup\040328closing\judy02.jpg <-- hch /040328closing judy02.jpg
105.06.21 15:16 B C:\_stuff\web\hch\0506backup\040328closing\land01.jpg <-- hch /040328closing land01.jpg
105.06.21 15:16 B C:\_stuff\web\hch\0506backup\040328closing\laura01.jpg <-- hch /040328closing laura01.jpg
105.06.21 15:16 B C:\_stuff\web\hch\0506backup\040328closing\m01.jpg <-- hch /040328closing m01.jpg
105.06.21 15:16 B C:\_stuff\web\hch\0506backup\040328closing\mb01.jpg <-- hch /040328closing mb01.jpg
105.06.21 15:16 B C:\_stuff\web\hch\0506backup\040328closing\ms01.jpg <-- hch /040328closing ms01.jpg
105.06.21 15:16 B C:\_stuff\web\hch\0506backup\040328closing\ms02.jpg <-- hch /040328closing ms02.jpg
105.06.21 15:16 B C:\_stuff\web\hch\0506backup\040328closing\ms03.jpg <-- hch /040328closing ms03.jpg
105.06.21 15:16 B C:\_stuff\web\hch\0506backup\040328closing\ms04.jpg <-- hch /040328closing ms04.jpg
105.06.21 15:16 B C:\_stuff\web\hch\0506backup\040328closing\ms05.jpg <-- hch /040328closing ms05.jpg
105.06.21 15:16 B C:\_stuff\web\hch\0506backup\040328closing\page2.html <-- hch /040328closing page2.html
105.06.21 15:16 B C:\_stuff\web\hch\0506backup\040328closing\s01.jpg <-- hch /040328closing s01.jpg
105.06.21 15:16 B C:\_stuff\web\hch\0506backup\040328closing\s02.jpg <-- hch /040328closing s02.jpg
105.06.21 15:16 B C:\_stuff\web\hch\0506backup\040328closing\sandy01.jpg <-- hch /040328closing sandy01.jpg
105.06.21 15:16 B C:\_stuff\web\hch\0506backup\040328closing\sandy02.jpg <-- hch /040328closing sandy02.jpg
105.06.21 15:16 B C:\_stuff\web\hch\0506backup\040328closing\scot01.jpg <-- hch /040328closing scot01.jpg
105.06.21 15:16 B C:\_stuff\web\hch\0506backup\040328closing\sh01.jpg <-- hch /040328closing sh01.jpg
105.06.21 15:16 B C:\_stuff\web\hch\0506backup\040328closing\sh04.jpg <-- hch /040328closing sh04.jpg
105.06.21 15:16 B C:\_stuff\web\hch\0506backup\040328closing\staff01.jpg <-- hch /040328closing staff01.jpg
105.06.21 15:16 B C:\_stuff\web\hch\0506backup\040328closing\terrain01.jpg <-- hch /040328closing terrain01.jpg
105.06.21 15:16 B C:\_stuff\web\hch\0506backup\040328closing\terrain02.jpg <-- hch /040328closing terrain02.jpg
